<?xml version="1.0" encoding="UTF-8"?>
<testng-results ignored="0" total="1" passed="1" failed="0" skipped="0">
  <reporter-output>
  </reporter-output>
  <suite started-at="2023-08-11T12:09:54 CDT" name="Default suite" finished-at="2023-08-11T12:09:54 CDT" duration-ms="74">
    <groups>
    </groups>
    <test started-at="2023-08-11T12:09:54 CDT" name="Default test" finished-at="2023-08-11T12:09:54 CDT" duration-ms="74">
      <class name="org.iitwforce.automation.uclidmmpBabita.calculatorTest">
        <test-method signature="validateAdd()[pri:0, instance:org.iitwforce.automation.uclidmmpBabita.calculatorTest@6d4d66d2]" started-at="2023-08-11T12:09:54 CDT" name="validateAdd" finished-at="2023-08-11T12:09:54 CDT" duration-ms="18" status="PASS">
          <reporter-output>
          </reporter-output>
        </test-method> <!-- validateAdd -->
      </class> <!-- org.iitwforce.automation.uclidmmpBabita.calculatorTest -->
    </test> <!-- Default test -->
  </suite> <!-- Default suite -->
</testng-results>
